TN:
SF:electron\main.ts
FN:8,getDevServerUrl
FN:12,shouldQuitOnAllWindowsClosed
FN:16,createWindow
FN:51,sendNavigate
FN:57,buildMenu
FN:92,(anonymous_5)
FN:97,(anonymous_6)
FN:102,(anonymous_7)
FN:107,(anonymous_8)
FN:112,(anonymous_9)
FN:118,(anonymous_10)
FN:130,(anonymous_11)
FN:135,(anonymous_12)
FN:140,(anonymous_13)
FN:161,registerIpcHandlers
FN:164,(anonymous_15)
FN:166,(anonymous_16)
FN:172,registerAppLifecycle
FN:186,(anonymous_18)
FN:190,(anonymous_19)
FN:195,(anonymous_20)
FN:200,initializeMainProcess
FNF:22
FNH:7
FNDA:4,getDevServerUrl
FNDA:3,shouldQuitOnAllWindowsClosed
FNDA:2,createWindow
FNDA:3,sendNavigate
FNDA:1,buildMenu
FNDA:0,(anonymous_5)
FNDA:0,(anonymous_6)
FNDA:0,(anonymous_7)
FNDA:0,(anonymous_8)
FNDA:0,(anonymous_9)
FNDA:0,(anonymous_10)
FNDA:0,(anonymous_11)
FNDA:0,(anonymous_12)
FNDA:0,(anonymous_13)
FNDA:1,registerIpcHandlers
FNDA:0,(anonymous_15)
FNDA:1,(anonymous_16)
FNDA:0,registerAppLifecycle
FNDA:0,(anonymous_18)
FNDA:0,(anonymous_19)
FNDA:0,(anonymous_20)
FNDA:0,initializeMainProcess
DA:1,3
DA:2,3
DA:4,3
DA:8,3
DA:9,4
DA:12,3
DA:13,3
DA:16,3
DA:25,2
DA:26,2
DA:27,2
DA:28,2
DA:29,2
DA:31,2
DA:41,2
DA:42,2
DA:43,1
DA:45,1
DA:48,2
DA:51,3
DA:52,3
DA:53,1
DA:57,3
DA:65,1
DA:66,1
DA:67,1
DA:68,1
DA:69,1
DA:71,1
DA:92,0
DA:97,0
DA:102,0
DA:107,0
DA:112,0
DA:118,0
DA:130,0
DA:135,0
DA:140,0
DA:157,1
DA:158,1
DA:161,3
DA:164,0
DA:166,1
DA:167,1
DA:168,1
DA:172,3
DA:182,0
DA:183,0
DA:184,0
DA:186,0
DA:187,0
DA:188,0
DA:190,0
DA:191,0
DA:195,0
DA:196,0
DA:200,3
DA:201,0
DA:202,0
DA:205,3
DA:206,0
LF:61
LH:38
BRDA:8,0,0,0
BRDA:9,1,0,4
BRDA:9,1,1,2
BRDA:12,2,0,0
BRDA:17,3,0,0
BRDA:25,4,0,2
BRDA:25,4,1,0
BRDA:26,5,0,2
BRDA:26,5,1,0
BRDA:27,6,0,2
BRDA:27,6,1,0
BRDA:28,7,0,2
BRDA:28,7,1,0
BRDA:29,8,0,2
BRDA:29,8,1,0
BRDA:42,9,0,1
BRDA:42,9,1,1
BRDA:51,10,0,0
BRDA:52,11,0,1
BRDA:52,12,0,3
BRDA:52,12,1,2
BRDA:58,13,0,0
BRDA:65,14,0,1
BRDA:65,14,1,0
BRDA:66,15,0,1
BRDA:66,15,1,0
BRDA:67,16,0,1
BRDA:67,16,1,0
BRDA:68,17,0,1
BRDA:68,17,1,0
BRDA:72,18,0,0
BRDA:72,18,1,1
BRDA:91,19,0,0
BRDA:91,19,1,1
BRDA:96,20,0,0
BRDA:96,20,1,1
BRDA:101,21,0,0
BRDA:101,21,1,1
BRDA:106,22,0,0
BRDA:106,22,1,1
BRDA:111,23,0,0
BRDA:111,23,1,1
BRDA:117,24,0,0
BRDA:117,24,1,1
BRDA:129,25,0,0
BRDA:129,25,1,1
BRDA:134,26,0,0
BRDA:134,26,1,1
BRDA:139,27,0,0
BRDA:139,27,1,1
BRDA:150,28,0,0
BRDA:150,28,1,1
BRDA:162,29,0,0
BRDA:163,30,0,0
BRDA:164,31,0,0
BRDA:173,32,0,0
BRDA:182,33,0,0
BRDA:182,33,1,0
BRDA:183,34,0,0
BRDA:183,34,1,0
BRDA:184,35,0,0
BRDA:184,35,1,0
BRDA:191,36,0,0
BRDA:196,37,0,0
BRDA:205,38,0,0
BRF:65
BRH:27
end_of_record
TN:
SF:electron\preload.ts
FN:5,createCareconnectApi
FN:7,(anonymous_1)
FN:8,(anonymous_2)
FN:9,(anonymous_3)
FN:11,(anonymous_4)
FN:13,(anonymous_5)
FN:14,(anonymous_6)
FN:16,(anonymous_7)
FN:21,exposeCareconnect
FNF:9
FNH:9
FNDA:2,createCareconnectApi
FNDA:1,(anonymous_1)
FNDA:1,(anonymous_2)
FNDA:1,(anonymous_3)
FNDA:1,(anonymous_4)
FNDA:1,(anonymous_5)
FNDA:1,(anonymous_6)
FNDA:1,(anonymous_7)
FNDA:1,exposeCareconnect
DA:1,1
DA:5,1
DA:6,2
DA:7,1
DA:9,1
DA:10,1
DA:11,1
DA:14,1
DA:15,1
DA:16,1
DA:21,1
DA:22,1
DA:23,1
DA:24,1
DA:27,1
DA:28,0
LF:16
LH:15
BRDA:5,0,0,0
BRDA:21,1,0,0
BRDA:21,2,0,0
BRDA:27,3,0,0
BRF:4
BRH:0
end_of_record
TN:
SF:src\components\ConfirmDialog.tsx
FN:31,ConfirmDialog
FN:42,(anonymous_2)
FN:45,(anonymous_3)
FN:53,(anonymous_4)
FN:115,(anonymous_5)
FNF:5
FNH:5
FNDA:15,ConfirmDialog
FNDA:15,(anonymous_2)
FNDA:2,(anonymous_3)
FNDA:7,(anonymous_4)
FNDA:6,(anonymous_5)
DA:1,4
DA:2,4
DA:3,4
DA:31,4
DA:42,15
DA:43,15
DA:45,7
DA:47,2
DA:48,2
DA:52,7
DA:53,7
DA:56,15
DA:58,7
DA:73,7
DA:83,7
DA:91,7
DA:99,7
DA:106,7
DA:115,6
LF:19
LH:19
BRDA:35,0,0,1
BRDA:36,1,0,1
BRDA:37,2,0,6
BRDA:43,3,0,8
BRDA:47,4,0,2
BRDA:56,5,0,8
BRF:6
BRH:6
end_of_record
TN:
SF:src\components\SignInHelpView.tsx
FN:10,SignInHelpView
FNF:1
FNH:1
FNDA:14,SignInHelpView
DA:1,4
DA:2,4
DA:3,4
DA:10,4
DA:11,14
DA:20,14
DA:26,14
DA:34,14
DA:41,14
DA:50,14
DA:56,14
LF:11
LH:11
BRF:0
BRH:0
end_of_record
TN:
SF:src\components\SignInView.tsx
FN:10,SignInView
FN:144,(anonymous_1)
FN:148,(anonymous_2)
FN:157,(anonymous_3)
FN:161,(anonymous_4)
FN:165,(anonymous_5)
FN:168,(anonymous_6)
FNF:7
FNH:7
FNDA:20,SignInView
FNDA:5,(anonymous_1)
FNDA:5,(anonymous_2)
FNDA:5,(anonymous_3)
FNDA:2,(anonymous_4)
FNDA:2,(anonymous_5)
FNDA:2,(anonymous_6)
DA:1,5
DA:2,5
DA:3,5
DA:10,5
DA:11,20
DA:20,20
DA:26,20
DA:38,20
DA:43,20
DA:51,20
DA:60,20
DA:68,20
DA:77,20
DA:84,20
DA:92,20
DA:145,5
DA:146,5
DA:149,5
DA:150,5
DA:151,5
DA:158,5
DA:159,5
DA:162,2
DA:163,2
DA:166,2
DA:169,2
LF:26
LH:26
BRDA:140,0,0,20
BRDA:140,0,1,15
BRDA:149,1,0,5
BRDA:149,2,0,5
BRDA:149,2,1,2
BRF:5
BRH:5
end_of_record
